<?xml version="1.0" encoding="UTF-8"?>
<!-- Generated by org.testng.reporters.JUnitXMLReporter -->
<testsuite ignored="0" hostname="LAPTOP-7E0QNNNR" failures="0" tests="5" name="Test" time="0.036" errors="0" timestamp="2021-06-25T13:38:37 PDT">
  <testcase classname="GitHub.GitHubDemo.SeliniumTest" name="PrintData" time="0.004"/>
  <testcase classname="GitHub.GitHubDemo.SeliniumTest" name="getData" time="0.0"/>
  <testcase classname="GitHub.GitHubDemo.MobileAppium" name="MobileData" time="0.001"/>
  <testcase classname="GitHub.GitHubDemo.RestAssured" name="AddPlaceApi" time="0.0"/>
  <testcase classname="GitHub.GitHubDemo.RestAssured" name="GetApi" time="0.0"/>
</testsuite> <!-- Test -->
