<?xml version="1.0" encoding="UTF-8"?>
<testng-results ignored="0" total="2" passed="2" failed="0" skipped="0">
  <reporter-output>
  </reporter-output>
  <suite started-at="2021-06-25T13:56:27 PDT" name="Surefire suite" finished-at="2021-06-25T13:56:27 PDT" duration-ms="28">
    <groups>
    </groups>
    <test started-at="2021-06-25T13:56:27 PDT" name="Surefire test" finished-at="2021-06-25T13:56:27 PDT" duration-ms="28">
      <class name="GitHub.GitHubDemo.SeliniumTest">
        <test-method signature="PrintData()[pri:0, instance:GitHub.GitHubDemo.SeliniumTest@32cf48b7]" started-at="2021-06-25T13:56:27 PDT" name="PrintData" finished-at="2021-06-25T13:56:27 PDT" duration-ms="2" status="PASS">
          <reporter-output>
          </reporter-output>
        </test-method> <!-- PrintData -->
        <test-method signature="getData()[pri:0, instance:GitHub.GitHubDemo.SeliniumTest@32cf48b7]" started-at="2021-06-25T13:56:27 PDT" name="getData" finished-at="2021-06-25T13:56:27 PDT" duration-ms="0" status="PASS">
          <reporter-output>
          </reporter-output>
        </test-method> <!-- getData -->
      </class> <!-- GitHub.GitHubDemo.SeliniumTest -->
    </test> <!-- Surefire test -->
  </suite> <!-- Surefire suite -->
</testng-results>
