<?xml version="1.0" encoding="UTF-8"?>
<testsuite xmlns:xsi="http://www.w3.org/2001/XMLSchema-instance" xsi:noNamespaceSchemaLocation="https://maven.apache.org/surefire/maven-surefire-plugin/xsd/surefire-test-report-3.0.xsd" version="3.0" name="TestSuite" time="0.405" tests="5" errors="0" skipped="0" failures="0">
  <properties>
[...]
</properties>
  <testcase name="PrintData" classname="GitHub.GitHubDemo.SeliniumTest" time="0.006">
    <system-out><![CDATA[Print the data
]]></system-out>
  </testcase>
  <testcase name="getData" classname="GitHub.GitHubDemo.SeliniumTest" time="0.001">
    <system-out><![CDATA[GettingData
]]></system-out>
  </testcase>
  <testcase name="MobileData" classname="GitHub.GitHubDemo.MobileAppium" time="0.001">
    <system-out><![CDATA[MobileData
]]></system-out>
  </testcase>
  <testcase name="AddPlaceApi" classname="GitHub.GitHubDemo.RestAssured" time="0.001">
    <system-out><![CDATA[Addplace api
]]></system-out>
  </testcase>
  <testcase name="GetApi" classname="GitHub.GitHubDemo.RestAssured" time="0">
    <system-out><![CDATA[GetPlaceApi
]]></system-out>
  </testcase>
</testsuite>